Cleaning old visualizations...
--- Visualizing ALL PARAMS ---
Found 257 samples.
Applying freeze mode: all
Saved /scratch/am13367/assignment3/vis_predictions/all_params/Pair_S_050203_08_001686_001885_2400_2500-S_050203_08_001686_001885_2400-S_050203_08_001686_001885_2500_split_view.png
Saved /scratch/am13367/assignment3/vis_predictions/all_params/Pair_S_050203_07_001288_001531_3030_3120-S_050203_07_001288_001531_3030-S_050203_07_001288_001531_3120_split_view.png
Saved /scratch/am13367/assignment3/vis_predictions/all_params/Pair_S_000200_0392_0539-S_000200_0392-S_000200_0539_split_view.png
Saved /scratch/am13367/assignment3/vis_predictions/all_params/Pair_S_000207_01_540_600-S_000207_01_0540-S_000207_01_0600_split_view.png
Saved /scratch/am13367/assignment3/vis_predictions/all_params/Pair_S_000207_02_360_420-S_000207_02_0360-S_000207_02_0420_split_view.png
Saved /scratch/am13367/assignment3/vis_predictions/all_params/Pair_S_050203_07_001288_001531_2994_3850-S_050203_07_001288_001531_2994-S_050203_07_001288_001531_3850_split_view.png
Saved /scratch/am13367/assignment3/vis_predictions/all_params/Pair_S_000203_07_001341_001458_0360_0420-S_000203_07_001341_001458_0360-S_000203_07_001341_001458_0420_split_view.png
Saved /scratch/am13367/assignment3/vis_predictions/all_params/Pair_S_050202_04_000690_000750_0360_0420-S_050202_04_000690_000750_0360-S_050202_04_000690_000750_0420_split_view.png
Saved /scratch/am13367/assignment3/vis_predictions/all_params/Pair_S_050201_07_001348_001458_960_1020-S_050201_07_001348_001458_frame_0960-S_050201_07_001348_001458_frame_1020_split_view.png
Saved /scratch/am13367/assignment3/vis_predictions/all_params/Pair_S_000201_07_001485_001581_0660_0720-S_000201_07_001485_001581_0660-S_000201_07_001485_001581_0720_split_view.png
--- Visualizing BACKBONE ONLY ---
Found 257 samples.
Applying freeze mode: all
Saved /scratch/am13367/assignment3/vis_predictions/backbone_only/Pair_S_050203_07_001288_001531_0160_6566-S_050203_07_001288_001531_0160-S_050203_07_001288_001531_6566_split_view.png
Saved /scratch/am13367/assignment3/vis_predictions/backbone_only/Pair_S_050203_09_001960_002083_0530_0660-S_050203_09_001960_002083_0530-S_050203_09_001960_002083_0660_split_view.png
Saved /scratch/am13367/assignment3/vis_predictions/backbone_only/Pair_S_050201_07_001348_001458_2340_2400-S_050201_07_001348_001458_frame_2340-S_050201_07_001348_001458_frame_2400_split_view.png
Saved /scratch/am13367/assignment3/vis_predictions/backbone_only/Pair_S_000201_06_001354_001397_1140_1200-S_000201_06_001354_001397_1140-S_000201_06_001354_001397_1200_split_view.png
Saved /scratch/am13367/assignment3/vis_predictions/backbone_only/Pair_S_000207_01_1080_1140-S_000207_01_1080-S_000207_01_1140_split_view.png
Saved /scratch/am13367/assignment3/vis_predictions/backbone_only/Pair_S_000207_05_001125_001193_0720_0780-S_000207_05_001125_001193_0720-S_000207_05_001125_001193_0780_split_view.png
Saved /scratch/am13367/assignment3/vis_predictions/backbone_only/Pair_S_050202_08_001410_001494_0840_0960-S_050202_08_001410_001494_0840-S_050202_08_001410_001494_0960_split_view.png
Saved /scratch/am13367/assignment3/vis_predictions/backbone_only/Pair_S_000200_03_000657_4560_4620-S_000200_03_000657_000899_4560-S_000200_03_000657_000899_4620_split_view.png
Saved /scratch/am13367/assignment3/vis_predictions/backbone_only/Pair_S_050202_08_001410_001494_1740_1800-S_050202_08_001410_001494_1740-S_050202_08_001410_001494_1800_split_view.png
Saved /scratch/am13367/assignment3/vis_predictions/backbone_only/Pair_S_000203_06_001206_001266_1140_1200-S_000203_06_001206_001266_1140-S_000203_06_001206_001266_1200_split_view.png
--- Visualizing CLASS HEAD ONLY ---
Found 257 samples.
Applying freeze mode: all
Saved /scratch/am13367/assignment3/vis_predictions/class_head_only/Pair_S_050202_07_001126_001301_1320_1380-S_050202_07_001126_001301_1320-S_050202_07_001126_001301_1380_split_view.png
Saved /scratch/am13367/assignment3/vis_predictions/class_head_only/Pair_S_000912_0300_0360-S_050202_05_000857_000912_frame_0300-S_050202_05_000857_000912_frame_0360_split_view.png
Saved /scratch/am13367/assignment3/vis_predictions/class_head_only/Pair_S_000200_02_000479_1920_1980-S_000200_02_000479_000635_1920-S_000200_02_000479_000635_1980_split_view.png
Saved /scratch/am13367/assignment3/vis_predictions/class_head_only/Pair_S_000205_05_001092_001124_0240_0300-S_000205_05_001092_001124_0240-S_000205_05_001092_001124_0300_split_view.png
Saved /scratch/am13367/assignment3/vis_predictions/class_head_only/Pair_S_050203_09_001960_002083_0450_0520-S_050203_09_001960_002083_0450-S_050203_09_001960_002083_0520_split_view.png
Saved /scratch/am13367/assignment3/vis_predictions/class_head_only/Pair_S_000201_07_001485_001581_1860_1920-S_000201_07_001485_001581_1860-S_000201_07_001485_001581_1920_split_view.png
Saved /scratch/am13367/assignment3/vis_predictions/class_head_only/Pair_S_000203_06_001206_001266_0900_0960-S_000203_06_001206_001266_0900-S_000203_06_001206_001266_0960_split_view.png
Saved /scratch/am13367/assignment3/vis_predictions/class_head_only/Pair_S_000200_02_000479_0900_0960-S_000200_02_000479_000635_0900-S_000200_02_000479_000635_0960_split_view.png
Saved /scratch/am13367/assignment3/vis_predictions/class_head_only/Pair_S_050203_07_001288_001531_2900_3027-S_050203_07_001288_001531_2900-S_050203_07_001288_001531_3027_split_view.png
Saved /scratch/am13367/assignment3/vis_predictions/class_head_only/Pair_S_000201_07_001485_001581_0420_0480-S_000201_07_001485_001581_0420-S_000201_07_001485_001581_0480_split_view.png
--- Visualizing TRANSFORMER ONLY ---
Found 257 samples.
Applying freeze mode: all
Saved /scratch/am13367/assignment3/vis_predictions/transformer_only/Pair_S_000207_02_120_180-S_000207_02_0120-S_000207_02_0180_split_view.png
Saved /scratch/am13367/assignment3/vis_predictions/transformer_only/Pair_S_000205_05_001092_001124_0000_0060-S_000205_05_001092_001124_0000-S_000205_05_001092_001124_0060_split_view.png
Saved /scratch/am13367/assignment3/vis_predictions/transformer_only/Pair_S_050203_07_001288_001531_3030_3120-S_050203_07_001288_001531_3030-S_050203_07_001288_001531_3120_split_view.png
Saved /scratch/am13367/assignment3/vis_predictions/transformer_only/Pair_S_000203_06_001206_001266_0600_0660-S_000203_06_001206_001266_0600-S_000203_06_001206_001266_0660_split_view.png
Saved /scratch/am13367/assignment3/vis_predictions/transformer_only/Pair_S_050202_03_000608_000684_0360_0420-S_050202_03_000608_000684_0360-S_050202_03_000608_000684_0420_split_view.png
Saved /scratch/am13367/assignment3/vis_predictions/transformer_only/Pair_S_050202_07_001126_001301_1320_1380-S_050202_07_001126_001301_1320-S_050202_07_001126_001301_1380_split_view.png
Saved /scratch/am13367/assignment3/vis_predictions/transformer_only/Pair_S_000200_02_000479_000635_4440_4620-S_000200_02_000479_000635_4440-S_000200_02_000479_000635_4620_split_view.png
Saved /scratch/am13367/assignment3/vis_predictions/transformer_only/Pair_S_000207_05_001125_001193_0560_0620-S_000207_05_001125_001193_0560-S_000207_05_001125_001193_0620_split_view.png
Saved /scratch/am13367/assignment3/vis_predictions/transformer_only/Pair_S_050202_04_000690_000750_1320_1380-S_050202_04_000690_000750_1320-S_050202_04_000690_000750_1380_split_view.png
Saved /scratch/am13367/assignment3/vis_predictions/transformer_only/Pair_S_050203_07_001288_001531_1410_1470-S_050203_07_001288_001531_1410-S_050203_07_001288_001531_1470_split_view.png
Done! All visualizations created.
